2025-04-25 08:47:40 INFO  TC005_AddWishList:17 - *********Home Page got launched*****************
2025-04-25 08:47:43 INFO  TC005_AddWishList:32 - *****************MP3 Player/Ipod Shopping Page Launched*****************
2025-04-25 08:47:43 INFO  TC005_AddWishList:36 - ****************Touched Ipod Page Launched*****************
2025-04-25 08:47:54 ERROR TC005_AddWishList:48 - Test Failed: no such element: Unable to locate element: {"method":"xpath","selector":"//div[@id='product-product']/div"}
  (Session info: chrome=135.0.7049.115)
For documentation on this error, please visit: https://www.selenium.dev/documentation/webdriver/troubleshooting/errors#no-such-element-exception
Build info: version: '4.24.0', revision: '748ffc9bc3'
System info: os.name: 'Windows 11', os.arch: 'amd64', os.version: '10.0', java.version: '23.0.2'
Driver info: org.openqa.selenium.chrome.ChromeDriver
Command: [5a834e389cdf26768cab64eafd93ca0f, findElement {value=//div[@id='product-product']/div, using=xpath}]
Capabilities {acceptInsecureCerts: false, browserName: chrome, browserVersion: 135.0.7049.115, chrome: {chromedriverVersion: 135.0.7049.114 (63fd8a7d9d0..., userDataDir: C:\Users\shaik\AppData\Loca...}, fedcm:accounts: true, goog:chromeOptions: {debuggerAddress: localhost:62640}, networkConnectionEnabled: false, pageLoadStrategy: normal, platformName: windows, proxy: Proxy(), se:cdp: ws://localhost:62640/devtoo..., se:cdpVersion: 135.0.7049.115, setWindowRect: true, strictFileInteractability: false, timeouts: {implicit: 0, pageLoad: 300000, script: 30000}, unhandledPromptBehavior: dismiss and notify, webauthn:extension:credBlob: true, webauthn:extension:largeBlob: true, webauthn:extension:minPinLength: true, webauthn:extension:prf: true, webauthn:virtualAuthenticators: true}
Session ID: 5a834e389cdf26768cab64eafd93ca0f
2025-04-25 08:47:54 INFO  TC005_AddWishList:54 - ****************Finished the TC001_RegisterationofAccount.java********************
2025-04-25 08:50:14 INFO  TC005_AddWishList:17 - *********Home Page got launched*****************
2025-04-25 08:50:16 INFO  TC005_AddWishList:32 - *****************MP3 Player/Ipod Shopping Page Launched*****************
2025-04-25 08:50:17 INFO  TC005_AddWishList:36 - ****************Touched Ipod Page Launched*****************
2025-04-25 08:50:28 ERROR TC005_AddWishList:48 - Test Failed: no such element: Unable to locate element: {"method":"xpath","selector":"//div[@id='product-product']/div"}
  (Session info: chrome=135.0.7049.115)
For documentation on this error, please visit: https://www.selenium.dev/documentation/webdriver/troubleshooting/errors#no-such-element-exception
Build info: version: '4.24.0', revision: '748ffc9bc3'
System info: os.name: 'Windows 11', os.arch: 'amd64', os.version: '10.0', java.version: '23.0.2'
Driver info: org.openqa.selenium.chrome.ChromeDriver
Command: [1021f6ede1042ebfbc27a77e71a17da4, findElement {value=//div[@id='product-product']/div, using=xpath}]
Capabilities {acceptInsecureCerts: false, browserName: chrome, browserVersion: 135.0.7049.115, chrome: {chromedriverVersion: 135.0.7049.114 (63fd8a7d9d0..., userDataDir: C:\Users\shaik\AppData\Loca...}, fedcm:accounts: true, goog:chromeOptions: {debuggerAddress: localhost:62751}, networkConnectionEnabled: false, pageLoadStrategy: normal, platformName: windows, proxy: Proxy(), se:cdp: ws://localhost:62751/devtoo..., se:cdpVersion: 135.0.7049.115, setWindowRect: true, strictFileInteractability: false, timeouts: {implicit: 0, pageLoad: 300000, script: 30000}, unhandledPromptBehavior: dismiss and notify, webauthn:extension:credBlob: true, webauthn:extension:largeBlob: true, webauthn:extension:minPinLength: true, webauthn:extension:prf: true, webauthn:virtualAuthenticators: true}
Session ID: 1021f6ede1042ebfbc27a77e71a17da4
2025-04-25 08:50:28 INFO  TC005_AddWishList:54 - ****************Finished the TC001_RegisterationofAccount.java********************
2025-04-25 22:26:27 INFO  TC005_AddWishList:18 - *********Home Page got launched*****************
2025-04-25 22:26:30 INFO  TC005_AddWishList:33 - *****************MP3 Player/Ipod Shopping Page Launched*****************
2025-04-25 22:26:31 INFO  TC005_AddWishList:37 - ****************Touched Ipod Page Launched*****************
2025-04-25 22:26:31 INFO  TC005_AddWishList:60 - ****************Finished the TC001_RegisterationofAccount.java********************
